<?xml version="1.0" encoding="UTF-8" standalone="no"?>
<testsuite failures="0" name="cucumber.runtime.formatter.JUnitFormatter" skipped="0" tests="1" time="17.730033">
<testcase classname="Guru99 Automation" name="Page Validation" time="17.730033">
<system-out><![CDATA[Given User is at home page..................................................passed
Then User hovers on selenium and clicks on selenium lable...................passed
Then user verifies the page.................................................passed
Then user selects second radio button and third checkbox....................passed
]]></system-out>
</testcase>
</testsuite>
